<?xml version="1.0" encoding="UTF-8"?>
<!-- Generated by org.testng.reporters.JUnitReportReporter -->
<testsuite skipped="0" hostname="PC-005" name="com.test4.MyTestNG" tests="2" failures="0" timestamp="19 五月 2020 01:59:18 GMT" time="5.956" errors="0">
  <testcase name="baidu_search" time="5.950" classname="com.test4.MyTestNG"/>
  <testcase name="f2" time="0.006" classname="com.test4.MyTestNG"/>
</testsuite> <!-- com.test4.MyTestNG -->
