<?xml version="1.0" encoding="UTF-8"?>
<!-- Generated by org.testng.reporters.JUnitReportReporter -->
<testsuite skipped="0" hostname="PC-005" name="com.test2.NewTest" tests="1" failures="0" timestamp="18 五月 2020 06:50:55 GMT" time="16.844" errors="0">
  <testcase name="OpenBaidu" time="16.844" classname="com.test2.NewTest"/>
</testsuite> <!-- com.test2.NewTest -->
