<?xml version="1.0" encoding="UTF-8"?>
<!-- Generated by org.testng.reporters.JUnitReportReporter -->
<testsuite skipped="0" hostname="PC-005" name="com.test3.Test4" tests="1" failures="0" timestamp="21 五月 2020 03:13:34 GMT" time="1.879" errors="0">
  <testcase name="test" time="1.879" classname="com.test3.Test4"/>
</testsuite> <!-- com.test3.Test4 -->
