<?xml version="1.0" encoding="UTF-8"?>
<!-- Generated by org.testng.reporters.JUnitReportReporter -->
<testsuite skipped="0" hostname="PC-005" name="com.test3.Test6" tests="1" failures="0" timestamp="22 五月 2020 06:31:08 GMT" time="14.703" errors="0">
  <testcase name="f" time="14.703" classname="com.test3.Test6"/>
</testsuite> <!-- com.test3.Test6 -->
