<?xml version="1.0" encoding="UTF-8"?>
<!-- Generated by org.testng.reporters.JUnitReportReporter -->
<testsuite skipped="0" hostname="PC-005" name="com.test3.aaa" tests="1" failures="0" timestamp="18 五月 2020 09:21:30 GMT" time="0.003" errors="0">
  <testcase name="f" time="0.003" classname="com.test3.aaa"/>
</testsuite> <!-- com.test3.aaa -->
