<?xml version="1.0" encoding="UTF-8"?>
<!-- Generated by org.testng.reporters.JUnitReportReporter -->
<testsuite skipped="0" hostname="PC-005" name="com.test3.Test3" tests="1" failures="0" timestamp="21 五月 2020 03:13:34 GMT" time="2.014" errors="0">
  <testcase name="f" time="2.014" classname="com.test3.Test3"/>
</testsuite> <!-- com.test3.Test3 -->
